\BOOKMARK [0][-]{chapter*.1}{\376\377\000H\000o\000w\000\040\000t\000o\000\040\000u\000s\000e\000\040\000t\000h\000i\000s\000\040\000b\000o\000o\000k}{}% 1
\BOOKMARK [0][-]{chapter*.8}{\376\377\000A\000c\000k\000n\000o\000w\000l\000e\000d\000g\000e\000m\000e\000n\000t\000s}{}% 2
\BOOKMARK [-1][-]{part.10}{\376\377\000I\000\040\000A\000l\000g\000e\000b\000r\000a\000\040\000F\000o\000r\000\040\000B\000u\000s\000i\000n\000e\000s\000s}{}% 3
\BOOKMARK [0][-]{chapter.11}{\376\377\000F\000u\000n\000c\000t\000i\000o\000n\000s\000\040\000o\000f\000\040\000E\000c\000o\000n\000o\000m\000i\000c\000s}{part.10}% 4
\BOOKMARK [1][-]{section.12}{\376\377\000F\000u\000n\000c\000t\000i\000o\000n\000\040\000C\000o\000n\000c\000e\000p\000t\000s}{chapter.11}% 5
\BOOKMARK [1][-]{section.53}{\376\377\000G\000r\000a\000p\000h\000s\000\040\000o\000f\000\040\000F\000u\000n\000c\000t\000i\000o\000n\000s}{chapter.11}% 6
\BOOKMARK [0][-]{chapter.67}{\376\377\000W\000o\000r\000k\000i\000n\000g\000\040\000w\000i\000t\000h\000\040\000F\000u\000n\000c\000t\000i\000o\000n\000s}{part.10}% 7
\BOOKMARK [1][-]{section.68}{\376\377\000C\000o\000m\000b\000i\000n\000i\000n\000g\000\040\000F\000u\000n\000c\000t\000i\000o\000n\000s}{chapter.67}% 8
\BOOKMARK [1][-]{section.88}{\376\377\000\052\000G\000r\000a\000p\000h\000s\000\040\000o\000f\000\040\000T\000o\000t\000a\000l\000s\000\040\000a\000n\000d\000\040\000C\000h\000a\000n\000g\000e\000s}{chapter.67}% 9
\BOOKMARK [1][-]{section.100}{\376\377\000\052\000C\000o\000n\000n\000e\000c\000t\000i\000n\000g\000\040\000y\000\040\000a\000n\000d\000\040\000x}{chapter.67}% 10
\BOOKMARK [0][-]{chapter.124}{\376\377\000L\000i\000n\000e\000s\000\040\000a\000n\000d\000\040\000L\000i\000n\000e\000a\000r\000\040\000F\000u\000n\000c\000t\000i\000o\000n\000s}{part.10}% 11
\BOOKMARK [1][-]{section.125}{\376\377\000F\000i\000n\000d\000i\000n\000g\000\040\000t\000h\000e\000\040\000E\000q\000u\000a\000t\000i\000o\000n\000\040\000o\000f\000\040\000a\000\040\000L\000i\000n\000e}{chapter.124}% 12
\BOOKMARK [1][-]{section.138}{\376\377\000D\000e\000m\000a\000n\000d\000\040\000P\000r\000i\000c\000e\000\040\000a\000n\000d\000\040\000L\000i\000n\000e\000a\000r\000\040\000F\000u\000n\000c\000t\000i\000o\000n\000s}{chapter.124}% 13
\BOOKMARK [1][-]{section.169}{\376\377\000I\000t\000e\000m\000\040\000C\000o\000s\000t\000,\000\040\000T\000o\000t\000a\000l\000\040\000C\000o\000s\000t\000,\000\040\000a\000n\000d\000\040\000L\000i\000n\000e\000a\000r\000\040\000F\000u\000n\000c\000t\000i\000o\000n\000s}{chapter.124}% 14
\BOOKMARK [1][-]{section.203}{\376\377\000M\000o\000d\000e\000l\000s\000\040\000a\000n\000d\000\040\000A\000p\000p\000l\000i\000e\000d\000\040\000D\000o\000m\000a\000i\000n\000s}{chapter.124}% 15
\BOOKMARK [0][-]{chapter.208}{\376\377\000P\000o\000l\000y\000n\000o\000m\000i\000a\000l\000\040\000a\000n\000d\000\040\000R\000a\000t\000i\000o\000n\000a\000l\000\040\000F\000u\000n\000c\000t\000i\000o\000n\000s}{part.10}% 16
\BOOKMARK [1][-]{section.209}{\376\377\000Q\000u\000a\000d\000r\000a\000t\000i\000c\000\040\000a\000n\000d\000\040\000P\000o\000l\000y\000n\000o\000m\000i\000a\000l\000\040\000F\000u\000n\000c\000t\000i\000o\000n\000s}{chapter.208}% 17
\BOOKMARK [1][-]{section.245}{\376\377\000R\000e\000v\000e\000n\000u\000e\000\040\000w\000i\000t\000h\000\040\000F\000a\000i\000r\000\040\000P\000r\000i\000c\000i\000n\000g}{chapter.208}% 18
\BOOKMARK [1][-]{section.272}{\376\377\000U\000n\000d\000e\000r\000s\000t\000a\000n\000d\000i\000n\000g\000\040\000P\000r\000o\000f\000i\000t}{chapter.208}% 19
\BOOKMARK [1][-]{section.293}{\376\377\000R\000a\000t\000i\000o\000n\000a\000l\000\040\000F\000u\000n\000c\000t\000i\000o\000n\000s}{chapter.208}% 20
\BOOKMARK [0][-]{chapter.301}{\376\377\000C\000o\000m\000p\000o\000u\000n\000d\000\040\000I\000n\000t\000e\000r\000e\000s\000t\000\040\000a\000n\000d\000\040\000D\000e\000p\000r\000e\000c\000i\000a\000t\000i\000o\000n}{part.10}% 21
\BOOKMARK [1][-]{section.302}{\376\377\000E\000x\000p\000o\000n\000e\000n\000t\000i\000a\000l\000\040\000F\000u\000n\000c\000t\000i\000o\000n\000s}{chapter.301}% 22
\BOOKMARK [1][-]{section.317}{\376\377\000P\000e\000r\000c\000e\000n\000t\000s\000\040\000a\000n\000d\000\040\000P\000e\000r\000c\000e\000n\000t\000\040\000C\000h\000a\000n\000g\000e}{chapter.301}% 23
\BOOKMARK [1][-]{section.339}{\376\377\000C\000o\000m\000p\000o\000u\000n\000d\000\040\000I\000n\000t\000e\000r\000e\000s\000t\000\040\000a\000n\000d\000\040\000D\000e\000p\000r\000e\000c\000i\000a\000t\000i\000o\000n}{chapter.301}% 24
\BOOKMARK [0][-]{chapter.385}{\376\377\000L\000o\000g\000a\000r\000i\000t\000h\000m\000s\000\040\000a\000n\000d\000\040\000S\000o\000l\000v\000i\000n\000g\000\040\000f\000o\000r\000\040\000T\000i\000m\000e}{part.10}% 25
\BOOKMARK [1][-]{section.386}{\376\377\000I\000n\000v\000e\000r\000s\000e\000\040\000F\000u\000n\000c\000t\000i\000o\000n\000s}{chapter.385}% 26
\BOOKMARK [1][-]{section.398}{\376\377\000L\000o\000g\000a\000r\000i\000t\000h\000m\000s\000\040\000U\000n\000d\000o\000\040\000E\000x\000p\000o\000n\000e\000n\000t\000i\000a\000l\000s}{chapter.385}% 27
\BOOKMARK [1][-]{section.425}{\376\377\000L\000a\000w\000s\000\040\000o\000f\000\040\000L\000o\000g\000a\000r\000i\000t\000h\000m\000s}{chapter.385}% 28
\BOOKMARK [1][-]{section.431}{\376\377\000S\000o\000l\000v\000i\000n\000g\000\040\000C\000o\000m\000p\000o\000u\000n\000d\000\040\000I\000n\000t\000e\000r\000e\000s\000t\000\040\000f\000o\000r\000\040\000T\000i\000m\000e}{chapter.385}% 29
\BOOKMARK [1][-]{section.450}{\376\377\000A\000p\000p\000l\000i\000c\000a\000t\000i\000o\000n\000s\000\040\000o\000f\000\040\000L\000o\000g\000a\000r\000i\000t\000h\000m\000s}{chapter.385}% 30
\BOOKMARK [-1][-]{part.465}{\376\377\000I\000I\000\040\000C\000h\000a\000n\000g\000e\000\040\000a\000n\000d\000\040\000R\000a\000t\000e\000s}{}% 31
\BOOKMARK [0][-]{chapter.466}{\376\377\000L\000i\000m\000i\000t\000s}{part.465}% 32
\BOOKMARK [1][-]{section.467}{\376\377\000R\000e\000a\000d\000i\000n\000g\000\040\000G\000r\000a\000p\000h\000s\000\040\000D\000y\000n\000a\000m\000i\000c\000a\000l\000l\000y}{chapter.466}% 33
\BOOKMARK [1][-]{section.496}{\376\377\000M\000a\000c\000r\000o\000e\000c\000o\000n\000o\000m\000i\000c\000s\000\040\000a\000n\000d\000\040\000M\000o\000s\000t\000l\000y\000\040\000C\000o\000n\000t\000i\000n\000u\000o\000u\000s\000\040\000F\000u\000n\000c\000t\000i\000o\000n\000s}{chapter.466}% 34
\BOOKMARK [1][-]{section.504}{\376\377\000C\000o\000m\000p\000u\000t\000i\000n\000g\000\040\000L\000i\000m\000i\000t\000s\000\040\000N\000u\000m\000e\000r\000i\000c\000a\000l\000l\000y}{chapter.466}% 35
\BOOKMARK [0][-]{chapter.519}{\376\377\000A\000v\000e\000r\000a\000g\000e\000\040\000R\000a\000t\000e\000s\000\040\000o\000f\000\040\000C\000h\000a\000n\000g\000e}{part.465}% 36
\BOOKMARK [1][-]{section.520}{\376\377\000A\000v\000e\000r\000a\000g\000e\000\040\000R\000a\000t\000e\000s\000\040\000o\000f\000\040\000C\000h\000a\000n\000g\000e}{chapter.519}% 37
\BOOKMARK [1][-]{section.530}{\376\377\000G\000r\000a\000p\000h\000s\000\040\000o\000f\000\040\000R\000a\000t\000e\000s\000,\000\040\000C\000h\000a\000n\000g\000e\000s\000,\000\040\000a\000n\000d\000\040\000T\000o\000t\000a\000l\000s}{chapter.519}% 38
\BOOKMARK [1][-]{section.541}{\376\377\000V\000e\000l\000o\000c\000i\000t\000y\000\040\000a\000n\000d\000\040\000I\000n\000s\000t\000a\000n\000t\000a\000n\000e\000o\000u\000s\000\040\000R\000a\000t\000e\000s\000\040\000o\000f\000\040\000C\000h\000a\000n\000g\000e}{chapter.519}% 39
\BOOKMARK [0][-]{chapter.547}{\376\377\000U\000n\000d\000e\000r\000s\000t\000a\000n\000d\000i\000n\000g\000\040\000S\000l\000o\000p\000e}{part.465}% 40
\BOOKMARK [1][-]{section.548}{\376\377\000S\000l\000o\000p\000e\000s\000\040\000a\000n\000d\000\040\000R\000a\000t\000e\000s\000\040\000o\000f\000\040\000C\000h\000a\000n\000g\000e}{chapter.547}% 41
\BOOKMARK [1][-]{section.576}{\376\377\000A\000p\000p\000r\000o\000x\000i\000m\000a\000t\000i\000n\000g\000\040\000S\000l\000o\000p\000e\000\040\000w\000i\000t\000h\000\040\000S\000e\000c\000a\000n\000t\000\040\000L\000i\000n\000e\000s}{chapter.547}% 42
\BOOKMARK [1][-]{section.593}{\376\377\000D\000e\000f\000i\000n\000i\000n\000g\000\040\000S\000l\000o\000p\000e\000\040\000A\000l\000g\000e\000b\000r\000a\000i\000c\000a\000l\000l\000y}{chapter.547}% 43
\BOOKMARK [1][-]{section.606}{\376\377\000D\000e\000f\000i\000n\000i\000n\000g\000\040\000a\000\040\000S\000l\000o\000p\000e\000\040\000F\000u\000n\000c\000t\000i\000o\000n}{chapter.547}% 44
\BOOKMARK [0][-]{chapter.637}{\376\377\000S\000l\000o\000p\000e\000\040\000S\000h\000o\000r\000t\000c\000u\000t\000s\000\040\000f\000o\000r\000\040\000B\000a\000s\000i\000c\000\040\000F\000u\000n\000c\000t\000i\000o\000n\000s}{part.465}% 45
\BOOKMARK [1][-]{section.638}{\376\377\000B\000a\000s\000i\000c\000\040\000D\000e\000r\000i\000v\000a\000t\000i\000v\000e\000\040\000R\000u\000l\000e\000s}{chapter.637}% 46
\BOOKMARK [1][-]{section.680}{\376\377\000D\000e\000r\000i\000v\000a\000t\000i\000v\000e\000s\000\040\000o\000f\000\040\000E\000x\000p\000o\000n\000e\000n\000t\000i\000a\000l\000s\000\040\000a\000n\000d\000\040\000L\000o\000g\000a\000r\000i\000t\000h\000m\000s}{chapter.637}% 47
\BOOKMARK [0][-]{chapter.697}{\376\377\000D\000e\000r\000i\000v\000a\000t\000i\000v\000e\000s\000\040\000a\000n\000d\000\040\000B\000u\000s\000i\000n\000e\000s\000s}{part.465}% 48
\BOOKMARK [1][-]{section.698}{\376\377\000M\000a\000r\000g\000i\000n\000a\000l\000\040\000C\000o\000s\000t}{chapter.697}% 49
\BOOKMARK [0][-]{chapter.715}{\376\377\000P\000r\000o\000d\000u\000c\000t\000\040\000a\000n\000d\000\040\000Q\000u\000o\000t\000i\000e\000n\000t\000\040\000R\000u\000l\000e}{part.465}% 50
\BOOKMARK [1][-]{section.717}{\376\377\000D\000e\000r\000i\000v\000a\000t\000i\000v\000e\000s\000\040\000o\000f\000\040\000P\000r\000o\000d\000u\000c\000t\000s}{chapter.715}% 51
\BOOKMARK [1][-]{section.728}{\376\377\000D\000e\000r\000i\000v\000a\000t\000i\000v\000e\000s\000\040\000o\000f\000\040\000F\000r\000a\000c\000t\000i\000o\000n\000s}{chapter.715}% 52
\BOOKMARK [0][-]{chapter.739}{\376\377\000T\000h\000e\000\040\000C\000h\000a\000i\000n\000\040\000R\000u\000l\000e}{part.465}% 53
\BOOKMARK [1][-]{section.741}{\376\377\000T\000h\000e\000\040\000G\000e\000n\000e\000r\000a\000l\000i\000z\000e\000d\000\040\000P\000o\000w\000e\000r\000\040\000R\000u\000l\000e}{chapter.739}% 54
\BOOKMARK [1][-]{section.764}{\376\377\000T\000h\000e\000\040\000C\000h\000a\000i\000n\000\040\000R\000u\000l\000e}{chapter.739}% 55
\BOOKMARK [1][-]{section.788}{\376\377\000L\000i\000s\000t\000\040\000o\000f\000\040\000A\000l\000l\000\040\000D\000e\000r\000i\000v\000a\000t\000i\000v\000e\000\040\000R\000u\000l\000e\000s}{chapter.739}% 56
\BOOKMARK [-1][-]{part.790}{\376\377\000I\000I\000I\000\040\000A\000p\000p\000l\000y\000i\000n\000g\000\040\000M\000a\000r\000g\000i\000n\000a\000l\000s\000\040\000a\000n\000d\000\040\000S\000l\000o\000p\000e\000s}{}% 57
\BOOKMARK [0][-]{chapter.791}{\376\377\000F\000i\000n\000d\000i\000n\000g\000\040\000M\000a\000x\000i\000m\000a\000\040\000a\000n\000d\000\040\000M\000i\000n\000i\000m\000a}{part.790}% 58
\BOOKMARK [1][-]{section.792}{\376\377\000F\000i\000n\000d\000i\000n\000g\000\040\000L\000o\000c\000a\000l\000\040\000E\000x\000t\000r\000e\000m\000a}{chapter.791}% 59
\BOOKMARK [1][-]{section.850}{\376\377\000F\000i\000n\000d\000i\000n\000g\000\040\000A\000b\000s\000o\000l\000u\000t\000e\000\040\000E\000x\000t\000r\000e\000m\000a}{chapter.791}% 60
\BOOKMARK [1][-]{section.869}{\376\377\000M\000a\000x\000i\000m\000a\000,\000\040\000M\000i\000n\000i\000m\000a\000,\000\040\000a\000n\000d\000\040\000C\000h\000a\000n\000g\000e\000\040\000G\000r\000a\000p\000h\000s}{chapter.791}% 61
\BOOKMARK [0][-]{chapter.875}{\376\377\000D\000i\000m\000i\000s\000h\000i\000n\000g\000\040\000R\000e\000t\000u\000r\000n\000s\000\040\000a\000n\000d\000\040\000C\000h\000a\000n\000g\000i\000n\000g\000\040\000R\000a\000t\000e\000s}{part.790}% 62
\BOOKMARK [1][-]{section.876}{\376\377\000T\000h\000e\000\040\000S\000e\000c\000o\000n\000d\000\040\000D\000e\000r\000i\000v\000a\000t\000i\000v\000e}{chapter.875}% 63
\BOOKMARK [1][-]{section.891}{\376\377\000C\000o\000n\000c\000a\000v\000i\000t\000y\000\040\000a\000n\000d\000\040\000G\000r\000a\000p\000h\000s}{chapter.875}% 64
\BOOKMARK [1][-]{section.915}{\376\377\000T\000h\000e\000\040\000S\000e\000c\000o\000n\000d\000\040\000D\000e\000r\000i\000v\000a\000t\000i\000v\000e\000\040\000a\000n\000d\000\040\000C\000h\000a\000n\000g\000e\000\040\000G\000r\000a\000p\000h\000s}{chapter.875}% 65
\BOOKMARK [-1][-]{part.935}{\376\377\000I\000V\000\040\000I\000n\000t\000e\000g\000r\000a\000l\000\040\000C\000a\000l\000c\000u\000l\000u\000s}{}% 66
\BOOKMARK [0][-]{chapter.936}{\376\377\000A\000n\000t\000i\000d\000e\000r\000i\000v\000a\000t\000i\000v\000e\000s}{part.935}% 67
\BOOKMARK [1][-]{section.937}{\376\377\000U\000n\000d\000o\000i\000n\000g\000\040\000D\000e\000r\000i\000v\000a\000t\000i\000v\000e\000s}{chapter.936}% 68
\BOOKMARK [1][-]{section.962}{\376\377\000I\000n\000d\000e\000f\000i\000n\000i\000t\000e\000\040\000I\000n\000t\000e\000g\000r\000a\000l\000s}{chapter.936}% 69
\BOOKMARK [1][-]{section.977}{\376\377\000A\000p\000p\000l\000y\000i\000n\000g\000\040\000A\000n\000t\000i\000d\000e\000r\000i\000v\000a\000t\000i\000v\000e\000s}{chapter.936}% 70
\BOOKMARK [0][-]{chapter.996}{\376\377\000U\000n\000d\000e\000r\000s\000t\000a\000n\000d\000i\000n\000g\000\040\000A\000r\000e\000a\000s}{part.935}% 71
\BOOKMARK [1][-]{section.997}{\376\377\000I\000n\000d\000e\000f\000i\000n\000i\000t\000e\000\040\000I\000n\000t\000e\000g\000r\000a\000l\000s}{chapter.996}% 72
\BOOKMARK [1][-]{section.1015}{\376\377\000U\000n\000d\000e\000r\000s\000t\000a\000n\000d\000i\000n\000g\000\040\000G\000e\000o\000m\000e\000t\000r\000i\000c\000a\000l\000l\000y\000\040\000o\000f\000\040\000A\000r\000e\000a}{chapter.996}% 73
\BOOKMARK [1][-]{section.1052}{\376\377\000A\000r\000e\000a\000,\000\040\000A\000n\000t\000i\000d\000e\000r\000i\000v\000a\000t\000i\000v\000e\000s\000,\000\040\000a\000n\000d\000\040\000G\000r\000a\000p\000h\000s\000\040\000o\000f\000\040\000C\000h\000a\000n\000g\000e}{chapter.996}% 74
\BOOKMARK [0][-]{appendix.1065}{\376\377\000A\000l\000g\000e\000b\000r\000a\000\040\000R\000e\000v\000i\000e\000w}{part.935}% 75
\BOOKMARK [1][-]{section.1066}{\376\377\000L\000a\000w\000s\000\040\000o\000f\000\040\000A\000l\000g\000e\000b\000r\000a}{appendix.1065}% 76
\BOOKMARK [1][-]{section.1100}{\376\377\000I\000n\000t\000e\000r\000v\000a\000l\000s\000\040\000a\000n\000d\000\040\000G\000r\000a\000p\000h\000s}{appendix.1065}% 77
\BOOKMARK [-1][-]{section*.1103}{\376\377\000B\000a\000c\000k\000\040\000M\000a\000t\000t\000e\000r}{}% 78
